<?xml version="1.0" encoding="UTF-8"?>
<testsuite xmlns:xsi="http://www.w3.org/2001/XMLSchema-instance" xsi:noNamespaceSchemaLocation="https://maven.apache.org/surefire/maven-surefire-plugin/xsd/surefire-test-report.xsd" name="co.uk.newplexus.springit.SpringitApplicationTests" time="5.812" tests="1" errors="0" skipped="0" failures="0">
  <properties>
    <property name="java.specification.version" value="14"/>
    <property name="sun.cpu.isalist" value="amd64"/>
    <property name="sun.jnu.encoding" value="Cp1252"/>
    <property name="java.class.path" value="E:\Projects\springit\target\test-classes;E:\Projects\springit\target\classes;C:\Users\brend\.m2\repository\org\springframework\boot\spring-boot-starter-actuator\2.2.10.BUILD-SNAPSHOT\spring-boot-starter-actuator-2.2.10.BUILD-SNAPSHOT.jar;C:\Users\brend\.m2\repository\org\springframework\boot\spring-boot-starter\2.2.10.BUILD-SNAPSHOT\spring-boot-starter-2.2.10.BUILD-SNAPSHOT.jar;C:\Users\brend\.m2\repository\org\springframework\boot\spring-boot-starter-logging\2.2.10.BUILD-SNAPSHOT\spring-boot-starter-logging-2.2.10.BUILD-SNAPSHOT.jar;C:\Users\brend\.m2\repository\ch\qos\logback\logback-classic\1.2.3\logback-classic-1.2.3.jar;C:\Users\brend\.m2\repository\ch\qos\logback\logback-core\1.2.3\logback-core-1.2.3.jar;C:\Users\brend\.m2\repository\org\apache\logging\log4j\log4j-to-slf4j\2.12.1\log4j-to-slf4j-2.12.1.jar;C:\Users\brend\.m2\repository\org\apache\logging\log4j\log4j-api\2.12.1\log4j-api-2.12.1.jar;C:\Users\brend\.m2\repository\org\slf4j\jul-to-slf4j\1.7.30\jul-to-slf4j-1.7.30.jar;C:\Users\brend\.m2\repository\jakarta\annotation\jakarta.annotation-api\1.3.5\jakarta.annotation-api-1.3.5.jar;C:\Users\brend\.m2\repository\org\yaml\snakeyaml\1.25\snakeyaml-1.25.jar;C:\Users\brend\.m2\repository\org\springframework\boot\spring-boot-actuator-autoconfigure\2.2.10.BUILD-SNAPSHOT\spring-boot-actuator-autoconfigure-2.2.10.BUILD-SNAPSHOT.jar;C:\Users\brend\.m2\repository\org\springframework\boot\spring-boot-actuator\2.2.10.BUILD-SNAPSHOT\spring-boot-actuator-2.2.10.BUILD-SNAPSHOT.jar;C:\Users\brend\.m2\repository\com\fasterxml\jackson\core\jackson-databind\2.10.5\jackson-databind-2.10.5.jar;C:\Users\brend\.m2\repository\com\fasterxml\jackson\core\jackson-annotations\2.10.5\jackson-annotations-2.10.5.jar;C:\Users\brend\.m2\repository\com\fasterxml\jackson\core\jackson-core\2.10.5\jackson-core-2.10.5.jar;C:\Users\brend\.m2\repository\org\springframework\spring-context\5.2.9.BUILD-SNAPSHOT\spring-context-5.2.9.BUILD-SNAPSHOT.jar;C:\Users\brend\.m2\repository\com\fasterxml\jackson\datatype\jackson-datatype-jsr310\2.10.5\jackson-datatype-jsr310-2.10.5.jar;C:\Users\brend\.m2\repository\io\micrometer\micrometer-core\1.3.11\micrometer-core-1.3.11.jar;C:\Users\brend\.m2\repository\org\hdrhistogram\HdrHistogram\2.1.11\HdrHistogram-2.1.11.jar;C:\Users\brend\.m2\repository\org\latencyutils\LatencyUtils\2.0.3\LatencyUtils-2.0.3.jar;C:\Users\brend\.m2\repository\org\springframework\boot\spring-boot-starter-data-jpa\2.2.10.BUILD-SNAPSHOT\spring-boot-starter-data-jpa-2.2.10.BUILD-SNAPSHOT.jar;C:\Users\brend\.m2\repository\org\springframework\boot\spring-boot-starter-aop\2.2.10.BUILD-SNAPSHOT\spring-boot-starter-aop-2.2.10.BUILD-SNAPSHOT.jar;C:\Users\brend\.m2\repository\org\springframework\spring-aop\5.2.9.BUILD-SNAPSHOT\spring-aop-5.2.9.BUILD-SNAPSHOT.jar;C:\Users\brend\.m2\repository\org\aspectj\aspectjweaver\1.9.6\aspectjweaver-1.9.6.jar;C:\Users\brend\.m2\repository\org\springframework\boot\spring-boot-starter-jdbc\2.2.10.BUILD-SNAPSHOT\spring-boot-starter-jdbc-2.2.10.BUILD-SNAPSHOT.jar;C:\Users\brend\.m2\repository\com\zaxxer\HikariCP\3.4.5\HikariCP-3.4.5.jar;C:\Users\brend\.m2\repository\org\springframework\spring-jdbc\5.2.9.BUILD-SNAPSHOT\spring-jdbc-5.2.9.BUILD-SNAPSHOT.jar;C:\Users\brend\.m2\repository\jakarta\persistence\jakarta.persistence-api\2.2.3\jakarta.persistence-api-2.2.3.jar;C:\Users\brend\.m2\repository\jakarta\transaction\jakarta.transaction-api\1.3.3\jakarta.transaction-api-1.3.3.jar;C:\Users\brend\.m2\repository\org\hibernate\hibernate-core\5.4.18.Final\hibernate-core-5.4.18.Final.jar;C:\Users\brend\.m2\repository\org\jboss\logging\jboss-logging\3.4.1.Final\jboss-logging-3.4.1.Final.jar;C:\Users\brend\.m2\repository\org\javassist\javassist\3.24.0-GA\javassist-3.24.0-GA.jar;C:\Users\brend\.m2\repository\net\bytebuddy\byte-buddy\1.10.13\byte-buddy-1.10.13.jar;C:\Users\brend\.m2\repository\antlr\antlr\2.7.7\antlr-2.7.7.jar;C:\Users\brend\.m2\repository\org\jboss\jandex\2.1.3.Final\jandex-2.1.3.Final.jar;C:\Users\brend\.m2\repository\com\fasterxml\classmate\1.5.1\classmate-1.5.1.jar;C:\Users\brend\.m2\repository\org\dom4j\dom4j\2.1.3\dom4j-2.1.3.jar;C:\Users\brend\.m2\repository\org\hibernate\common\hibernate-commons-annotations\5.1.0.Final\hibernate-commons-annotations-5.1.0.Final.jar;C:\Users\brend\.m2\repository\org\glassfish\jaxb\jaxb-runtime\2.3.3\jaxb-runtime-2.3.3.jar;C:\Users\brend\.m2\repository\org\glassfish\jaxb\txw2\2.3.3\txw2-2.3.3.jar;C:\Users\brend\.m2\repository\com\sun\istack\istack-commons-runtime\3.0.11\istack-commons-runtime-3.0.11.jar;C:\Users\brend\.m2\repository\com\sun\activation\jakarta.activation\1.2.2\jakarta.activation-1.2.2.jar;C:\Users\brend\.m2\repository\org\springframework\data\spring-data-jpa\2.2.10.BUILD-SNAPSHOT\spring-data-jpa-2.2.10.BUILD-SNAPSHOT.jar;C:\Users\brend\.m2\repository\org\springframework\data\spring-data-commons\2.2.10.BUILD-SNAPSHOT\spring-data-commons-2.2.10.BUILD-SNAPSHOT.jar;C:\Users\brend\.m2\repository\org\springframework\spring-orm\5.2.9.BUILD-SNAPSHOT\spring-orm-5.2.9.BUILD-SNAPSHOT.jar;C:\Users\brend\.m2\repository\org\springframework\spring-tx\5.2.9.BUILD-SNAPSHOT\spring-tx-5.2.9.BUILD-SNAPSHOT.jar;C:\Users\brend\.m2\repository\org\springframework\spring-beans\5.2.9.BUILD-SNAPSHOT\spring-beans-5.2.9.BUILD-SNAPSHOT.jar;C:\Users\brend\.m2\repository\org\slf4j\slf4j-api\1.7.30\slf4j-api-1.7.30.jar;C:\Users\brend\.m2\repository\org\springframework\spring-aspects\5.2.9.BUILD-SNAPSHOT\spring-aspects-5.2.9.BUILD-SNAPSHOT.jar;C:\Users\brend\.m2\repository\org\springframework\boot\spring-boot-starter-thymeleaf\2.2.10.BUILD-SNAPSHOT\spring-boot-starter-thymeleaf-2.2.10.BUILD-SNAPSHOT.jar;C:\Users\brend\.m2\repository\org\thymeleaf\thymeleaf-spring5\3.0.11.RELEASE\thymeleaf-spring5-3.0.11.RELEASE.jar;C:\Users\brend\.m2\repository\org\thymeleaf\thymeleaf\3.0.11.RELEASE\thymeleaf-3.0.11.RELEASE.jar;C:\Users\brend\.m2\repository\org\attoparser\attoparser\2.0.5.RELEASE\attoparser-2.0.5.RELEASE.jar;C:\Users\brend\.m2\repository\org\unbescape\unbescape\1.1.6.RELEASE\unbescape-1.1.6.RELEASE.jar;C:\Users\brend\.m2\repository\org\thymeleaf\extras\thymeleaf-extras-java8time\3.0.4.RELEASE\thymeleaf-extras-java8time-3.0.4.RELEASE.jar;C:\Users\brend\.m2\repository\org\springframework\boot\spring-boot-starter-web\2.2.10.BUILD-SNAPSHOT\spring-boot-starter-web-2.2.10.BUILD-SNAPSHOT.jar;C:\Users\brend\.m2\repository\org\springframework\boot\spring-boot-starter-json\2.2.10.BUILD-SNAPSHOT\spring-boot-starter-json-2.2.10.BUILD-SNAPSHOT.jar;C:\Users\brend\.m2\repository\com\fasterxml\jackson\datatype\jackson-datatype-jdk8\2.10.5\jackson-datatype-jdk8-2.10.5.jar;C:\Users\brend\.m2\repository\com\fasterxml\jackson\module\jackson-module-parameter-names\2.10.5\jackson-module-parameter-names-2.10.5.jar;C:\Users\brend\.m2\repository\org\springframework\boot\spring-boot-starter-tomcat\2.2.10.BUILD-SNAPSHOT\spring-boot-starter-tomcat-2.2.10.BUILD-SNAPSHOT.jar;C:\Users\brend\.m2\repository\org\apache\tomcat\embed\tomcat-embed-core\9.0.37\tomcat-embed-core-9.0.37.jar;C:\Users\brend\.m2\repository\org\apache\tomcat\embed\tomcat-embed-el\9.0.37\tomcat-embed-el-9.0.37.jar;C:\Users\brend\.m2\repository\org\apache\tomcat\embed\tomcat-embed-websocket\9.0.37\tomcat-embed-websocket-9.0.37.jar;C:\Users\brend\.m2\repository\org\springframework\boot\spring-boot-starter-validation\2.2.10.BUILD-SNAPSHOT\spring-boot-starter-validation-2.2.10.BUILD-SNAPSHOT.jar;C:\Users\brend\.m2\repository\jakarta\validation\jakarta.validation-api\2.0.2\jakarta.validation-api-2.0.2.jar;C:\Users\brend\.m2\repository\org\hibernate\validator\hibernate-validator\6.0.20.Final\hibernate-validator-6.0.20.Final.jar;C:\Users\brend\.m2\repository\org\springframework\spring-web\5.2.9.BUILD-SNAPSHOT\spring-web-5.2.9.BUILD-SNAPSHOT.jar;C:\Users\brend\.m2\repository\org\springframework\spring-webmvc\5.2.9.BUILD-SNAPSHOT\spring-webmvc-5.2.9.BUILD-SNAPSHOT.jar;C:\Users\brend\.m2\repository\org\springframework\spring-expression\5.2.9.BUILD-SNAPSHOT\spring-expression-5.2.9.BUILD-SNAPSHOT.jar;C:\Users\brend\.m2\repository\org\springframework\boot\spring-boot-devtools\2.2.10.BUILD-SNAPSHOT\spring-boot-devtools-2.2.10.BUILD-SNAPSHOT.jar;C:\Users\brend\.m2\repository\org\springframework\boot\spring-boot\2.2.10.BUILD-SNAPSHOT\spring-boot-2.2.10.BUILD-SNAPSHOT.jar;C:\Users\brend\.m2\repository\org\springframework\boot\spring-boot-autoconfigure\2.2.10.BUILD-SNAPSHOT\spring-boot-autoconfigure-2.2.10.BUILD-SNAPSHOT.jar;C:\Users\brend\.m2\repository\com\h2database\h2\1.4.200\h2-1.4.200.jar;C:\Users\brend\.m2\repository\org\projectlombok\lombok\1.18.12\lombok-1.18.12.jar;C:\Users\brend\.m2\repository\org\springframework\boot\spring-boot-starter-test\2.2.10.BUILD-SNAPSHOT\spring-boot-starter-test-2.2.10.BUILD-SNAPSHOT.jar;C:\Users\brend\.m2\repository\org\springframework\boot\spring-boot-test\2.2.10.BUILD-SNAPSHOT\spring-boot-test-2.2.10.BUILD-SNAPSHOT.jar;C:\Users\brend\.m2\repository\org\springframework\boot\spring-boot-test-autoconfigure\2.2.10.BUILD-SNAPSHOT\spring-boot-test-autoconfigure-2.2.10.BUILD-SNAPSHOT.jar;C:\Users\brend\.m2\repository\com\jayway\jsonpath\json-path\2.4.0\json-path-2.4.0.jar;C:\Users\brend\.m2\repository\net\minidev\json-smart\2.3\json-smart-2.3.jar;C:\Users\brend\.m2\repository\net\minidev\accessors-smart\1.2\accessors-smart-1.2.jar;C:\Users\brend\.m2\repository\org\ow2\asm\asm\5.0.4\asm-5.0.4.jar;C:\Users\brend\.m2\repository\jakarta\xml\bind\jakarta.xml.bind-api\2.3.3\jakarta.xml.bind-api-2.3.3.jar;C:\Users\brend\.m2\repository\jakarta\activation\jakarta.activation-api\1.2.2\jakarta.activation-api-1.2.2.jar;C:\Users\brend\.m2\repository\org\junit\jupiter\junit-jupiter\5.5.2\junit-jupiter-5.5.2.jar;C:\Users\brend\.m2\repository\org\junit\jupiter\junit-jupiter-api\5.5.2\junit-jupiter-api-5.5.2.jar;C:\Users\brend\.m2\repository\org\apiguardian\apiguardian-api\1.1.0\apiguardian-api-1.1.0.jar;C:\Users\brend\.m2\repository\org\opentest4j\opentest4j\1.2.0\opentest4j-1.2.0.jar;C:\Users\brend\.m2\repository\org\junit\platform\junit-platform-commons\1.5.2\junit-platform-commons-1.5.2.jar;C:\Users\brend\.m2\repository\org\junit\jupiter\junit-jupiter-params\5.5.2\junit-jupiter-params-5.5.2.jar;C:\Users\brend\.m2\repository\org\junit\jupiter\junit-jupiter-engine\5.5.2\junit-jupiter-engine-5.5.2.jar;C:\Users\brend\.m2\repository\org\junit\platform\junit-platform-engine\1.5.2\junit-platform-engine-1.5.2.jar;C:\Users\brend\.m2\repository\org\mockito\mockito-junit-jupiter\3.1.0\mockito-junit-jupiter-3.1.0.jar;C:\Users\brend\.m2\repository\org\assertj\assertj-core\3.13.2\assertj-core-3.13.2.jar;C:\Users\brend\.m2\repository\org\hamcrest\hamcrest\2.1\hamcrest-2.1.jar;C:\Users\brend\.m2\repository\org\mockito\mockito-core\3.1.0\mockito-core-3.1.0.jar;C:\Users\brend\.m2\repository\net\bytebuddy\byte-buddy-agent\1.10.13\byte-buddy-agent-1.10.13.jar;C:\Users\brend\.m2\repository\org\objenesis\objenesis\2.6\objenesis-2.6.jar;C:\Users\brend\.m2\repository\org\skyscreamer\jsonassert\1.5.0\jsonassert-1.5.0.jar;C:\Users\brend\.m2\repository\com\vaadin\external\google\android-json\0.0.20131108.vaadin1\android-json-0.0.20131108.vaadin1.jar;C:\Users\brend\.m2\repository\org\springframework\spring-core\5.2.9.BUILD-SNAPSHOT\spring-core-5.2.9.BUILD-SNAPSHOT.jar;C:\Users\brend\.m2\repository\org\springframework\spring-jcl\5.2.9.BUILD-SNAPSHOT\spring-jcl-5.2.9.BUILD-SNAPSHOT.jar;C:\Users\brend\.m2\repository\org\springframework\spring-test\5.2.9.BUILD-SNAPSHOT\spring-test-5.2.9.BUILD-SNAPSHOT.jar;C:\Users\brend\.m2\repository\org\xmlunit\xmlunit-core\2.6.4\xmlunit-core-2.6.4.jar;"/>
    <property name="java.vm.vendor" value="Oracle Corporation"/>
    <property name="sun.arch.data.model" value="64"/>
    <property name="user.variant" value=""/>
    <property name="java.vendor.url" value="https://java.oracle.com/"/>
    <property name="user.timezone" value="Europe/London"/>
    <property name="os.name" value="Windows 10"/>
    <property name="java.vm.specification.version" value="14"/>
    <property name="sun.java.launcher" value="SUN_STANDARD"/>
    <property name="user.country" value="GB"/>
    <property name="sun.boot.library.path" value="E:\Java\jdk-14.0.2\bin"/>
    <property name="sun.java.command" value="C:\Users\brend\AppData\Local\Temp\surefire7058473922916969088\surefirebooter11148033695601083595.jar C:\Users\brend\AppData\Local\Temp\surefire7058473922916969088 2020-09-10T17-06-19_136-jvmRun1 surefire18414725232445071773tmp surefire_017524546667862926845tmp"/>
    <property name="jdk.debug" value="release"/>
    <property name="surefire.test.class.path" value="E:\Projects\springit\target\test-classes;E:\Projects\springit\target\classes;C:\Users\brend\.m2\repository\org\springframework\boot\spring-boot-starter-actuator\2.2.10.BUILD-SNAPSHOT\spring-boot-starter-actuator-2.2.10.BUILD-SNAPSHOT.jar;C:\Users\brend\.m2\repository\org\springframework\boot\spring-boot-starter\2.2.10.BUILD-SNAPSHOT\spring-boot-starter-2.2.10.BUILD-SNAPSHOT.jar;C:\Users\brend\.m2\repository\org\springframework\boot\spring-boot-starter-logging\2.2.10.BUILD-SNAPSHOT\spring-boot-starter-logging-2.2.10.BUILD-SNAPSHOT.jar;C:\Users\brend\.m2\repository\ch\qos\logback\logback-classic\1.2.3\logback-classic-1.2.3.jar;C:\Users\brend\.m2\repository\ch\qos\logback\logback-core\1.2.3\logback-core-1.2.3.jar;C:\Users\brend\.m2\repository\org\apache\logging\log4j\log4j-to-slf4j\2.12.1\log4j-to-slf4j-2.12.1.jar;C:\Users\brend\.m2\repository\org\apache\logging\log4j\log4j-api\2.12.1\log4j-api-2.12.1.jar;C:\Users\brend\.m2\repository\org\slf4j\jul-to-slf4j\1.7.30\jul-to-slf4j-1.7.30.jar;C:\Users\brend\.m2\repository\jakarta\annotation\jakarta.annotation-api\1.3.5\jakarta.annotation-api-1.3.5.jar;C:\Users\brend\.m2\repository\org\yaml\snakeyaml\1.25\snakeyaml-1.25.jar;C:\Users\brend\.m2\repository\org\springframework\boot\spring-boot-actuator-autoconfigure\2.2.10.BUILD-SNAPSHOT\spring-boot-actuator-autoconfigure-2.2.10.BUILD-SNAPSHOT.jar;C:\Users\brend\.m2\repository\org\springframework\boot\spring-boot-actuator\2.2.10.BUILD-SNAPSHOT\spring-boot-actuator-2.2.10.BUILD-SNAPSHOT.jar;C:\Users\brend\.m2\repository\com\fasterxml\jackson\core\jackson-databind\2.10.5\jackson-databind-2.10.5.jar;C:\Users\brend\.m2\repository\com\fasterxml\jackson\core\jackson-annotations\2.10.5\jackson-annotations-2.10.5.jar;C:\Users\brend\.m2\repository\com\fasterxml\jackson\core\jackson-core\2.10.5\jackson-core-2.10.5.jar;C:\Users\brend\.m2\repository\org\springframework\spring-context\5.2.9.BUILD-SNAPSHOT\spring-context-5.2.9.BUILD-SNAPSHOT.jar;C:\Users\brend\.m2\repository\com\fasterxml\jackson\datatype\jackson-datatype-jsr310\2.10.5\jackson-datatype-jsr310-2.10.5.jar;C:\Users\brend\.m2\repository\io\micrometer\micrometer-core\1.3.11\micrometer-core-1.3.11.jar;C:\Users\brend\.m2\repository\org\hdrhistogram\HdrHistogram\2.1.11\HdrHistogram-2.1.11.jar;C:\Users\brend\.m2\repository\org\latencyutils\LatencyUtils\2.0.3\LatencyUtils-2.0.3.jar;C:\Users\brend\.m2\repository\org\springframework\boot\spring-boot-starter-data-jpa\2.2.10.BUILD-SNAPSHOT\spring-boot-starter-data-jpa-2.2.10.BUILD-SNAPSHOT.jar;C:\Users\brend\.m2\repository\org\springframework\boot\spring-boot-starter-aop\2.2.10.BUILD-SNAPSHOT\spring-boot-starter-aop-2.2.10.BUILD-SNAPSHOT.jar;C:\Users\brend\.m2\repository\org\springframework\spring-aop\5.2.9.BUILD-SNAPSHOT\spring-aop-5.2.9.BUILD-SNAPSHOT.jar;C:\Users\brend\.m2\repository\org\aspectj\aspectjweaver\1.9.6\aspectjweaver-1.9.6.jar;C:\Users\brend\.m2\repository\org\springframework\boot\spring-boot-starter-jdbc\2.2.10.BUILD-SNAPSHOT\spring-boot-starter-jdbc-2.2.10.BUILD-SNAPSHOT.jar;C:\Users\brend\.m2\repository\com\zaxxer\HikariCP\3.4.5\HikariCP-3.4.5.jar;C:\Users\brend\.m2\repository\org\springframework\spring-jdbc\5.2.9.BUILD-SNAPSHOT\spring-jdbc-5.2.9.BUILD-SNAPSHOT.jar;C:\Users\brend\.m2\repository\jakarta\persistence\jakarta.persistence-api\2.2.3\jakarta.persistence-api-2.2.3.jar;C:\Users\brend\.m2\repository\jakarta\transaction\jakarta.transaction-api\1.3.3\jakarta.transaction-api-1.3.3.jar;C:\Users\brend\.m2\repository\org\hibernate\hibernate-core\5.4.18.Final\hibernate-core-5.4.18.Final.jar;C:\Users\brend\.m2\repository\org\jboss\logging\jboss-logging\3.4.1.Final\jboss-logging-3.4.1.Final.jar;C:\Users\brend\.m2\repository\org\javassist\javassist\3.24.0-GA\javassist-3.24.0-GA.jar;C:\Users\brend\.m2\repository\net\bytebuddy\byte-buddy\1.10.13\byte-buddy-1.10.13.jar;C:\Users\brend\.m2\repository\antlr\antlr\2.7.7\antlr-2.7.7.jar;C:\Users\brend\.m2\repository\org\jboss\jandex\2.1.3.Final\jandex-2.1.3.Final.jar;C:\Users\brend\.m2\repository\com\fasterxml\classmate\1.5.1\classmate-1.5.1.jar;C:\Users\brend\.m2\repository\org\dom4j\dom4j\2.1.3\dom4j-2.1.3.jar;C:\Users\brend\.m2\repository\org\hibernate\common\hibernate-commons-annotations\5.1.0.Final\hibernate-commons-annotations-5.1.0.Final.jar;C:\Users\brend\.m2\repository\org\glassfish\jaxb\jaxb-runtime\2.3.3\jaxb-runtime-2.3.3.jar;C:\Users\brend\.m2\repository\org\glassfish\jaxb\txw2\2.3.3\txw2-2.3.3.jar;C:\Users\brend\.m2\repository\com\sun\istack\istack-commons-runtime\3.0.11\istack-commons-runtime-3.0.11.jar;C:\Users\brend\.m2\repository\com\sun\activation\jakarta.activation\1.2.2\jakarta.activation-1.2.2.jar;C:\Users\brend\.m2\repository\org\springframework\data\spring-data-jpa\2.2.10.BUILD-SNAPSHOT\spring-data-jpa-2.2.10.BUILD-SNAPSHOT.jar;C:\Users\brend\.m2\repository\org\springframework\data\spring-data-commons\2.2.10.BUILD-SNAPSHOT\spring-data-commons-2.2.10.BUILD-SNAPSHOT.jar;C:\Users\brend\.m2\repository\org\springframework\spring-orm\5.2.9.BUILD-SNAPSHOT\spring-orm-5.2.9.BUILD-SNAPSHOT.jar;C:\Users\brend\.m2\repository\org\springframework\spring-tx\5.2.9.BUILD-SNAPSHOT\spring-tx-5.2.9.BUILD-SNAPSHOT.jar;C:\Users\brend\.m2\repository\org\springframework\spring-beans\5.2.9.BUILD-SNAPSHOT\spring-beans-5.2.9.BUILD-SNAPSHOT.jar;C:\Users\brend\.m2\repository\org\slf4j\slf4j-api\1.7.30\slf4j-api-1.7.30.jar;C:\Users\brend\.m2\repository\org\springframework\spring-aspects\5.2.9.BUILD-SNAPSHOT\spring-aspects-5.2.9.BUILD-SNAPSHOT.jar;C:\Users\brend\.m2\repository\org\springframework\boot\spring-boot-starter-thymeleaf\2.2.10.BUILD-SNAPSHOT\spring-boot-starter-thymeleaf-2.2.10.BUILD-SNAPSHOT.jar;C:\Users\brend\.m2\repository\org\thymeleaf\thymeleaf-spring5\3.0.11.RELEASE\thymeleaf-spring5-3.0.11.RELEASE.jar;C:\Users\brend\.m2\repository\org\thymeleaf\thymeleaf\3.0.11.RELEASE\thymeleaf-3.0.11.RELEASE.jar;C:\Users\brend\.m2\repository\org\attoparser\attoparser\2.0.5.RELEASE\attoparser-2.0.5.RELEASE.jar;C:\Users\brend\.m2\repository\org\unbescape\unbescape\1.1.6.RELEASE\unbescape-1.1.6.RELEASE.jar;C:\Users\brend\.m2\repository\org\thymeleaf\extras\thymeleaf-extras-java8time\3.0.4.RELEASE\thymeleaf-extras-java8time-3.0.4.RELEASE.jar;C:\Users\brend\.m2\repository\org\springframework\boot\spring-boot-starter-web\2.2.10.BUILD-SNAPSHOT\spring-boot-starter-web-2.2.10.BUILD-SNAPSHOT.jar;C:\Users\brend\.m2\repository\org\springframework\boot\spring-boot-starter-json\2.2.10.BUILD-SNAPSHOT\spring-boot-starter-json-2.2.10.BUILD-SNAPSHOT.jar;C:\Users\brend\.m2\repository\com\fasterxml\jackson\datatype\jackson-datatype-jdk8\2.10.5\jackson-datatype-jdk8-2.10.5.jar;C:\Users\brend\.m2\repository\com\fasterxml\jackson\module\jackson-module-parameter-names\2.10.5\jackson-module-parameter-names-2.10.5.jar;C:\Users\brend\.m2\repository\org\springframework\boot\spring-boot-starter-tomcat\2.2.10.BUILD-SNAPSHOT\spring-boot-starter-tomcat-2.2.10.BUILD-SNAPSHOT.jar;C:\Users\brend\.m2\repository\org\apache\tomcat\embed\tomcat-embed-core\9.0.37\tomcat-embed-core-9.0.37.jar;C:\Users\brend\.m2\repository\org\apache\tomcat\embed\tomcat-embed-el\9.0.37\tomcat-embed-el-9.0.37.jar;C:\Users\brend\.m2\repository\org\apache\tomcat\embed\tomcat-embed-websocket\9.0.37\tomcat-embed-websocket-9.0.37.jar;C:\Users\brend\.m2\repository\org\springframework\boot\spring-boot-starter-validation\2.2.10.BUILD-SNAPSHOT\spring-boot-starter-validation-2.2.10.BUILD-SNAPSHOT.jar;C:\Users\brend\.m2\repository\jakarta\validation\jakarta.validation-api\2.0.2\jakarta.validation-api-2.0.2.jar;C:\Users\brend\.m2\repository\org\hibernate\validator\hibernate-validator\6.0.20.Final\hibernate-validator-6.0.20.Final.jar;C:\Users\brend\.m2\repository\org\springframework\spring-web\5.2.9.BUILD-SNAPSHOT\spring-web-5.2.9.BUILD-SNAPSHOT.jar;C:\Users\brend\.m2\repository\org\springframework\spring-webmvc\5.2.9.BUILD-SNAPSHOT\spring-webmvc-5.2.9.BUILD-SNAPSHOT.jar;C:\Users\brend\.m2\repository\org\springframework\spring-expression\5.2.9.BUILD-SNAPSHOT\spring-expression-5.2.9.BUILD-SNAPSHOT.jar;C:\Users\brend\.m2\repository\org\springframework\boot\spring-boot-devtools\2.2.10.BUILD-SNAPSHOT\spring-boot-devtools-2.2.10.BUILD-SNAPSHOT.jar;C:\Users\brend\.m2\repository\org\springframework\boot\spring-boot\2.2.10.BUILD-SNAPSHOT\spring-boot-2.2.10.BUILD-SNAPSHOT.jar;C:\Users\brend\.m2\repository\org\springframework\boot\spring-boot-autoconfigure\2.2.10.BUILD-SNAPSHOT\spring-boot-autoconfigure-2.2.10.BUILD-SNAPSHOT.jar;C:\Users\brend\.m2\repository\com\h2database\h2\1.4.200\h2-1.4.200.jar;C:\Users\brend\.m2\repository\org\projectlombok\lombok\1.18.12\lombok-1.18.12.jar;C:\Users\brend\.m2\repository\org\springframework\boot\spring-boot-starter-test\2.2.10.BUILD-SNAPSHOT\spring-boot-starter-test-2.2.10.BUILD-SNAPSHOT.jar;C:\Users\brend\.m2\repository\org\springframework\boot\spring-boot-test\2.2.10.BUILD-SNAPSHOT\spring-boot-test-2.2.10.BUILD-SNAPSHOT.jar;C:\Users\brend\.m2\repository\org\springframework\boot\spring-boot-test-autoconfigure\2.2.10.BUILD-SNAPSHOT\spring-boot-test-autoconfigure-2.2.10.BUILD-SNAPSHOT.jar;C:\Users\brend\.m2\repository\com\jayway\jsonpath\json-path\2.4.0\json-path-2.4.0.jar;C:\Users\brend\.m2\repository\net\minidev\json-smart\2.3\json-smart-2.3.jar;C:\Users\brend\.m2\repository\net\minidev\accessors-smart\1.2\accessors-smart-1.2.jar;C:\Users\brend\.m2\repository\org\ow2\asm\asm\5.0.4\asm-5.0.4.jar;C:\Users\brend\.m2\repository\jakarta\xml\bind\jakarta.xml.bind-api\2.3.3\jakarta.xml.bind-api-2.3.3.jar;C:\Users\brend\.m2\repository\jakarta\activation\jakarta.activation-api\1.2.2\jakarta.activation-api-1.2.2.jar;C:\Users\brend\.m2\repository\org\junit\jupiter\junit-jupiter\5.5.2\junit-jupiter-5.5.2.jar;C:\Users\brend\.m2\repository\org\junit\jupiter\junit-jupiter-api\5.5.2\junit-jupiter-api-5.5.2.jar;C:\Users\brend\.m2\repository\org\apiguardian\apiguardian-api\1.1.0\apiguardian-api-1.1.0.jar;C:\Users\brend\.m2\repository\org\opentest4j\opentest4j\1.2.0\opentest4j-1.2.0.jar;C:\Users\brend\.m2\repository\org\junit\platform\junit-platform-commons\1.5.2\junit-platform-commons-1.5.2.jar;C:\Users\brend\.m2\repository\org\junit\jupiter\junit-jupiter-params\5.5.2\junit-jupiter-params-5.5.2.jar;C:\Users\brend\.m2\repository\org\junit\jupiter\junit-jupiter-engine\5.5.2\junit-jupiter-engine-5.5.2.jar;C:\Users\brend\.m2\repository\org\junit\platform\junit-platform-engine\1.5.2\junit-platform-engine-1.5.2.jar;C:\Users\brend\.m2\repository\org\mockito\mockito-junit-jupiter\3.1.0\mockito-junit-jupiter-3.1.0.jar;C:\Users\brend\.m2\repository\org\assertj\assertj-core\3.13.2\assertj-core-3.13.2.jar;C:\Users\brend\.m2\repository\org\hamcrest\hamcrest\2.1\hamcrest-2.1.jar;C:\Users\brend\.m2\repository\org\mockito\mockito-core\3.1.0\mockito-core-3.1.0.jar;C:\Users\brend\.m2\repository\net\bytebuddy\byte-buddy-agent\1.10.13\byte-buddy-agent-1.10.13.jar;C:\Users\brend\.m2\repository\org\objenesis\objenesis\2.6\objenesis-2.6.jar;C:\Users\brend\.m2\repository\org\skyscreamer\jsonassert\1.5.0\jsonassert-1.5.0.jar;C:\Users\brend\.m2\repository\com\vaadin\external\google\android-json\0.0.20131108.vaadin1\android-json-0.0.20131108.vaadin1.jar;C:\Users\brend\.m2\repository\org\springframework\spring-core\5.2.9.BUILD-SNAPSHOT\spring-core-5.2.9.BUILD-SNAPSHOT.jar;C:\Users\brend\.m2\repository\org\springframework\spring-jcl\5.2.9.BUILD-SNAPSHOT\spring-jcl-5.2.9.BUILD-SNAPSHOT.jar;C:\Users\brend\.m2\repository\org\springframework\spring-test\5.2.9.BUILD-SNAPSHOT\spring-test-5.2.9.BUILD-SNAPSHOT.jar;C:\Users\brend\.m2\repository\org\xmlunit\xmlunit-core\2.6.4\xmlunit-core-2.6.4.jar;"/>
    <property name="sun.cpu.endian" value="little"/>
    <property name="user.home" value="C:\Users\brend"/>
    <property name="user.language" value="en"/>
    <property name="java.specification.vendor" value="Oracle Corporation"/>
    <property name="java.version.date" value="2020-07-14"/>
    <property name="java.home" value="E:\Java\jdk-14.0.2"/>
    <property name="file.separator" value="\"/>
    <property name="basedir" value="E:\Projects\springit"/>
    <property name="java.vm.compressedOopsMode" value="Zero based"/>
    <property name="line.separator" value="&#10;"/>
    <property name="java.vm.specification.vendor" value="Oracle Corporation"/>
    <property name="java.specification.name" value="Java Platform API Specification"/>
    <property name="surefire.real.class.path" value="C:\Users\brend\AppData\Local\Temp\surefire7058473922916969088\surefirebooter11148033695601083595.jar"/>
    <property name="user.script" value=""/>
    <property name="sun.management.compiler" value="HotSpot 64-Bit Tiered Compilers"/>
    <property name="java.runtime.version" value="14.0.2+12-46"/>
    <property name="user.name" value="brend"/>
    <property name="path.separator" value=";"/>
    <property name="os.version" value="10.0"/>
    <property name="java.runtime.name" value="Java(TM) SE Runtime Environment"/>
    <property name="file.encoding" value="Cp1252"/>
    <property name="java.vm.name" value="Java HotSpot(TM) 64-Bit Server VM"/>
    <property name="localRepository" value="C:\Users\brend\.m2\repository"/>
    <property name="java.vendor.url.bug" value="https://bugreport.java.com/bugreport/"/>
    <property name="java.io.tmpdir" value="C:\Users\brend\AppData\Local\Temp\"/>
    <property name="java.version" value="14.0.2"/>
    <property name="user.dir" value="E:\Projects\springit"/>
    <property name="os.arch" value="amd64"/>
    <property name="java.vm.specification.name" value="Java Virtual Machine Specification"/>
    <property name="sun.os.patch.level" value=""/>
    <property name="java.library.path" value="E:\Java\jdk-14.0.2\bin;C:\Windows\Sun\Java\bin;C:\Windows\system32;C:\Windows;E:\app\client\brend\product\12.1.0\client_1\bin;C:\Windows\system32;C:\Windows;C:\Windows\System32\Wbem;C:\Windows\System32\WindowsPowerShell\v1.0\;C:\Windows\System32\OpenSSH\;C:\Program Files (x86)\NVIDIA Corporation\PhysX\Common;C:\HashiCorp\Vagrant\bin;C:\Program Files\PuTTY\;E:\Git\cmd;C:\Program Files\Amazon\AWSCLIV2\;E:\Strawberry\c\bin;E:\Strawberry\perl\site\bin;E:\Strawberry\perl\bin;E:\apache-maven-3.6.3\apache-maven-3.6.3\bin;E:\Java\jdk-14.0.2\bin;E:\Java\gradle-6.6.1\bin;C:\Program Files\MySQL\MySQL Shell 8.0\bin\;C:\Users\brend\AppData\Local\Microsoft\WindowsApps;E:\Microsoft VS Code\bin;e:\Program Files\JetBrains\IntelliJ IDEA Community Edition 2020.2.1\bin;;E:\Java\jdk-14.0.2;;."/>
    <property name="java.vm.info" value="mixed mode, sharing"/>
    <property name="java.vendor" value="Oracle Corporation"/>
    <property name="java.vm.version" value="14.0.2+12-46"/>
    <property name="sun.io.unicode.encoding" value="UnicodeLittle"/>
    <property name="java.class.version" value="58.0"/>
  </properties>
  <testcase name="contextLoads" classname="co.uk.newplexus.springit.SpringitApplicationTests" time="0.264"/>
</testsuite>